<?xml version="1.0" encoding="UTF-8"?>
<testsuite xmlns:xsi="http://www.w3.org/2001/XMLSchema-instance" xsi:noNamespaceSchemaLocation="https://maven.apache.org/surefire/maven-surefire-plugin/xsd/surefire-test-report.xsd" name="com.controller.TeabaseControllerSecurityTest" time="1.862" tests="4" errors="0" skipped="0" failures="0">
  <properties>
[...]
</properties>
  <testcase name="merchantCannotDeleteForeignTeabase" classname="com.controller.TeabaseControllerSecurityTest" time="1.639"/>
  <testcase name="listRequiresAuthentication" classname="com.controller.TeabaseControllerSecurityTest" time="0.091"/>
  <testcase name="merchantCannotUpdateForeignTeabase" classname="com.controller.TeabaseControllerSecurityTest" time="0.076"/>
  <testcase name="merchantCannotViewForeignTeabase" classname="com.controller.TeabaseControllerSecurityTest" time="0.041"/>
</testsuite>